TN:
SF:src/ERC20Token.sol
FN:7,ERC20Token.
FNDA:6,ERC20Token.
DA:8,6
FN:11,ERC20Token.mint
FNDA:0,ERC20Token.mint
DA:12,0
BRDA:12,0,0,-
BRDA:12,0,1,-
DA:13,0
FNF:2
FNH:1
LF:3
LH:1
BRF:2
BRH:0
end_of_record
TN:
SF:src/NftToken.sol
FN:12,NftToken.
FNDA:0,NftToken.
DA:15,0
DA:16,0
DA:17,0
FN:20,NftToken.mintNFT
FNDA:2,NftToken.mintNFT
DA:21,2
BRDA:21,0,0,-
BRDA:21,0,1,2
DA:22,2
BRDA:22,1,0,-
BRDA:22,1,1,2
DA:23,2
DA:24,2
DA:25,2
DA:27,2
FN:30,NftToken.withdrawTokens
FNDA:1,NftToken.withdrawTokens
DA:31,1
DA:32,1
BRDA:32,2,0,-
BRDA:32,2,1,1
DA:33,1
FNF:3
FNH:2
LF:12
LH:9
BRF:6
BRH:3
end_of_record
